Performing C SOURCE FILE Test CMAKE_HAVE_LIBC_PTHREAD failed with the following output:
Change Dir: /home/anton/PhysMod/physitproject/physitproject/src/Course_framework/build/CMakeFiles/CMakeTmp

Run Build Command(s):/usr/bin/make cmTC_bb4bc/fast && /usr/bin/make -f CMakeFiles/cmTC_bb4bc.dir/build.make CMakeFiles/cmTC_bb4bc.dir/build
make[1]: Entering directory '/home/anton/PhysMod/physitproject/physitproject/src/Course_framework/build/CMakeFiles/CMakeTmp'
Building C object CMakeFiles/cmTC_bb4bc.dir/src.c.o
/usr/bin/cc   -fPIC -DCMAKE_HAVE_LIBC_PTHREAD   -o CMakeFiles/cmTC_bb4bc.dir/src.c.o   -c /home/anton/PhysMod/physitproject/physitproject/src/Course_framework/build/CMakeFiles/CMakeTmp/src.c
Linking C executable cmTC_bb4bc
/usr/local/bin/cmake -E cmake_link_script CMakeFiles/cmTC_bb4bc.dir/link.txt --verbose=1
/usr/bin/cc  -fPIC -DCMAKE_HAVE_LIBC_PTHREAD    -rdynamic CMakeFiles/cmTC_bb4bc.dir/src.c.o  -o cmTC_bb4bc 
CMakeFiles/cmTC_bb4bc.dir/src.c.o: In function `main':
src.c:(.text+0x3e): undefined reference to `pthread_create'
src.c:(.text+0x4a): undefined reference to `pthread_detach'
src.c:(.text+0x5b): undefined reference to `pthread_join'
src.c:(.text+0x6f): undefined reference to `pthread_atfork'
collect2: error: ld returned 1 exit status
CMakeFiles/cmTC_bb4bc.dir/build.make:86: recipe for target 'cmTC_bb4bc' failed
make[1]: *** [cmTC_bb4bc] Error 1
make[1]: Leaving directory '/home/anton/PhysMod/physitproject/physitproject/src/Course_framework/build/CMakeFiles/CMakeTmp'
Makefile:121: recipe for target 'cmTC_bb4bc/fast' failed
make: *** [cmTC_bb4bc/fast] Error 2


Source file was:
#include <pthread.h>

void* test_func(void* data)
{
  return data;
}

int main(void)
{
  pthread_t thread;
  pthread_create(&thread, NULL, test_func, NULL);
  pthread_detach(thread);
  pthread_join(thread, NULL);
  pthread_atfork(NULL, NULL, NULL);
  pthread_exit(NULL);

  return 0;
}

Determining if the function pthread_create exists in the pthreads failed with the following output:
Change Dir: /home/anton/PhysMod/physitproject/physitproject/src/Course_framework/build/CMakeFiles/CMakeTmp

Run Build Command(s):/usr/bin/make cmTC_26153/fast && /usr/bin/make -f CMakeFiles/cmTC_26153.dir/build.make CMakeFiles/cmTC_26153.dir/build
make[1]: Entering directory '/home/anton/PhysMod/physitproject/physitproject/src/Course_framework/build/CMakeFiles/CMakeTmp'
Building C object CMakeFiles/cmTC_26153.dir/CheckFunctionExists.c.o
/usr/bin/cc   -fPIC -DCHECK_FUNCTION_EXISTS=pthread_create   -o CMakeFiles/cmTC_26153.dir/CheckFunctionExists.c.o   -c /usr/local/share/cmake-3.15/Modules/CheckFunctionExists.c
Linking C executable cmTC_26153
/usr/local/bin/cmake -E cmake_link_script CMakeFiles/cmTC_26153.dir/link.txt --verbose=1
/usr/bin/cc  -fPIC -DCHECK_FUNCTION_EXISTS=pthread_create    -rdynamic CMakeFiles/cmTC_26153.dir/CheckFunctionExists.c.o  -o cmTC_26153 -lpthreads 
/usr/bin/ld: cannot find -lpthreads
collect2: error: ld returned 1 exit status
CMakeFiles/cmTC_26153.dir/build.make:86: recipe for target 'cmTC_26153' failed
make[1]: *** [cmTC_26153] Error 1
make[1]: Leaving directory '/home/anton/PhysMod/physitproject/physitproject/src/Course_framework/build/CMakeFiles/CMakeTmp'
Makefile:121: recipe for target 'cmTC_26153/fast' failed
make: *** [cmTC_26153/fast] Error 2



Performing C SOURCE FILE Test CMAKE_HAVE_LIBC_PTHREAD failed with the following output:
Change Dir: /home/anton/PhysMod/physitproject/src/Course_framework/build/CMakeFiles/CMakeTmp

Run Build Command(s):/usr/bin/make cmTC_6fb86/fast && /usr/bin/make -f CMakeFiles/cmTC_6fb86.dir/build.make CMakeFiles/cmTC_6fb86.dir/build
make[1]: Entering directory '/home/anton/PhysMod/physitproject/src/Course_framework/build/CMakeFiles/CMakeTmp'
Building C object CMakeFiles/cmTC_6fb86.dir/src.c.o
/usr/bin/cc   -fPIC -DCMAKE_HAVE_LIBC_PTHREAD   -o CMakeFiles/cmTC_6fb86.dir/src.c.o   -c /home/anton/PhysMod/physitproject/src/Course_framework/build/CMakeFiles/CMakeTmp/src.c
Linking C executable cmTC_6fb86
/usr/local/bin/cmake -E cmake_link_script CMakeFiles/cmTC_6fb86.dir/link.txt --verbose=1
/usr/bin/cc  -fPIC -DCMAKE_HAVE_LIBC_PTHREAD    -rdynamic CMakeFiles/cmTC_6fb86.dir/src.c.o  -o cmTC_6fb86 
CMakeFiles/cmTC_6fb86.dir/src.c.o: In function `main':
src.c:(.text+0x3e): undefined reference to `pthread_create'
src.c:(.text+0x4a): undefined reference to `pthread_detach'
src.c:(.text+0x5b): undefined reference to `pthread_join'
src.c:(.text+0x6f): undefined reference to `pthread_atfork'
collect2: error: ld returned 1 exit status
CMakeFiles/cmTC_6fb86.dir/build.make:86: recipe for target 'cmTC_6fb86' failed
make[1]: *** [cmTC_6fb86] Error 1
make[1]: Leaving directory '/home/anton/PhysMod/physitproject/src/Course_framework/build/CMakeFiles/CMakeTmp'
Makefile:121: recipe for target 'cmTC_6fb86/fast' failed
make: *** [cmTC_6fb86/fast] Error 2


Source file was:
#include <pthread.h>

void* test_func(void* data)
{
  return data;
}

int main(void)
{
  pthread_t thread;
  pthread_create(&thread, NULL, test_func, NULL);
  pthread_detach(thread);
  pthread_join(thread, NULL);
  pthread_atfork(NULL, NULL, NULL);
  pthread_exit(NULL);

  return 0;
}

Determining if the function pthread_create exists in the pthreads failed with the following output:
Change Dir: /home/anton/PhysMod/physitproject/src/Course_framework/build/CMakeFiles/CMakeTmp

Run Build Command(s):/usr/bin/make cmTC_473d6/fast && /usr/bin/make -f CMakeFiles/cmTC_473d6.dir/build.make CMakeFiles/cmTC_473d6.dir/build
make[1]: Entering directory '/home/anton/PhysMod/physitproject/src/Course_framework/build/CMakeFiles/CMakeTmp'
Building C object CMakeFiles/cmTC_473d6.dir/CheckFunctionExists.c.o
/usr/bin/cc   -fPIC -DCHECK_FUNCTION_EXISTS=pthread_create   -o CMakeFiles/cmTC_473d6.dir/CheckFunctionExists.c.o   -c /usr/local/share/cmake-3.15/Modules/CheckFunctionExists.c
Linking C executable cmTC_473d6
/usr/local/bin/cmake -E cmake_link_script CMakeFiles/cmTC_473d6.dir/link.txt --verbose=1
/usr/bin/cc  -fPIC -DCHECK_FUNCTION_EXISTS=pthread_create    -rdynamic CMakeFiles/cmTC_473d6.dir/CheckFunctionExists.c.o  -o cmTC_473d6 -lpthreads 
/usr/bin/ld: cannot find -lpthreads
collect2: error: ld returned 1 exit status
CMakeFiles/cmTC_473d6.dir/build.make:86: recipe for target 'cmTC_473d6' failed
make[1]: *** [cmTC_473d6] Error 1
make[1]: Leaving directory '/home/anton/PhysMod/physitproject/src/Course_framework/build/CMakeFiles/CMakeTmp'
Makefile:121: recipe for target 'cmTC_473d6/fast' failed
make: *** [cmTC_473d6/fast] Error 2



